[2026-01-21T14:28:05.410Z] [AutoFix] 🚀 SCRIPT STARTED for Failure ID: d87fedf1-68e5-4fe8-a6e5-cfb0cd0186c7
[2026-01-21T14:28:05.411Z] [AutoFix] Validating environment...
[2026-01-21T14:28:05.411Z] [AutoFix] Environment OK. Starting loop...
[2026-01-21T14:28:05.411Z] [AutoFix] ▶️ Attempt 1/5 started
[2026-01-21T14:28:05.412Z] [AutoFix] Phase 3: AI Analysis...
[2026-01-21T14:28:05.413Z] [Analysis] Starting analysis for d87fedf1-68e5-4fe8-a6e5-cfb0cd0186c7
[2026-01-21T14:28:12.265Z] [Analysis] Calling FreeAI service...
[2026-01-21T14:28:24.234Z] [Analysis] FreeAI response received: true
[2026-01-21T14:28:24.236Z] [AutoFix] AI Response received: true
[2026-01-21T14:28:52.852Z] [AutoFix] ▶️ Attempt 2/5 started
[2026-01-21T14:28:52.854Z] [AutoFix] Phase 3: AI Analysis...
[2026-01-21T14:28:52.854Z] [Analysis] Starting analysis for e316ed0a-a457-4e3a-b04c-0e6c2b271bd5
[2026-01-21T14:28:59.892Z] [Analysis] Calling FreeAI service...
[2026-01-21T14:29:05.074Z] [Analysis] FreeAI response received: true
[2026-01-21T14:29:05.077Z] [AutoFix] AI Response received: true
[2026-01-21T14:29:39.764Z] [AutoFix] ▶️ Attempt 3/5 started
[2026-01-21T14:29:39.766Z] [AutoFix] Phase 3: AI Analysis...
[2026-01-21T14:29:39.767Z] [Analysis] Starting analysis for bac914b3-d4a3-4258-a509-288818dfb969
[2026-01-21T14:29:44.568Z] [Analysis] Calling FreeAI service...
[2026-01-21T14:29:49.581Z] [Analysis] FreeAI response received: true
[2026-01-21T14:29:49.582Z] [AutoFix] AI Response received: true
[2026-01-21T14:30:15.786Z] [AutoFix] ▶️ Attempt 4/5 started
[2026-01-21T14:30:15.788Z] [AutoFix] Phase 3: AI Analysis...
[2026-01-21T14:30:15.789Z] [Analysis] Starting analysis for e1c22b2f-3980-4b6d-9c5e-cea7cfd0c60d
[2026-01-21T14:30:22.171Z] [Analysis] Calling FreeAI service...
[2026-01-21T14:30:26.952Z] [Analysis] FreeAI response received: true
[2026-01-21T14:30:26.953Z] [AutoFix] AI Response received: true
[2026-01-21T14:30:53.025Z] [AutoFix] ▶️ Attempt 5/5 started
[2026-01-21T14:30:53.027Z] [AutoFix] Phase 3: AI Analysis...
[2026-01-21T14:30:53.028Z] [Analysis] Starting analysis for e1117609-b1e4-46ad-a9bf-cc6ac0c8b419
[2026-01-21T14:30:59.751Z] [Analysis] Calling FreeAI service...
[2026-01-21T14:31:13.487Z] [Analysis] FreeAI response received: true
[2026-01-21T14:31:13.489Z] [AutoFix] AI Response received: true
[2026-01-21T14:55:26.373Z] [AutoFix] 🚀 SCRIPT STARTED for Failure ID: bc320ce2-44d4-44f7-a3ee-5176c3f59272
[2026-01-21T14:55:26.376Z] [AutoFix] Validating environment...
[2026-01-21T14:55:26.378Z] [AutoFix] Environment OK. Starting loop...
[2026-01-21T14:55:26.378Z] [AutoFix] ▶️ Attempt 1/5 started
[2026-01-21T14:55:26.379Z] [AutoFix] Phase 3: AI Analysis...
[2026-01-21T14:55:26.380Z] [Analysis] Starting analysis for bc320ce2-44d4-44f7-a3ee-5176c3f59272
[2026-01-21T14:55:34.579Z] [Analysis] Calling FreeAI service...
[2026-01-21T14:55:44.072Z] [Analysis] FreeAI response received: true
[2026-01-21T14:55:44.075Z] [AutoFix] AI Response received: true
[2026-01-21T14:56:14.982Z] [AutoFix] ▶️ Attempt 2/5 started
[2026-01-21T14:56:14.984Z] [AutoFix] Phase 3: AI Analysis...
[2026-01-21T14:56:14.985Z] [Analysis] Starting analysis for 856aa0fe-d4a6-4985-aa31-4d9210e7a7f8
[2026-01-21T14:56:24.000Z] [Analysis] Calling FreeAI service...
[2026-01-21T14:56:28.067Z] [Analysis] FreeAI response received: true
[2026-01-21T14:56:28.070Z] [AutoFix] AI Response received: true
[2026-01-21T14:57:02.265Z] [AutoFix] ▶️ Attempt 3/5 started
[2026-01-21T14:57:02.267Z] [AutoFix] Phase 3: AI Analysis...
[2026-01-21T14:57:02.268Z] [Analysis] Starting analysis for aedf0989-8b7b-4a00-a8bb-44cdef3eaf52
[2026-01-21T14:57:12.082Z] [Analysis] Calling FreeAI service...
[2026-01-21T14:57:18.810Z] [Analysis] FreeAI response received: true
[2026-01-21T14:57:18.812Z] [AutoFix] AI Response received: true
[2026-01-21T14:57:52.539Z] [AutoFix] ▶️ Attempt 4/5 started
[2026-01-21T14:57:52.539Z] [AutoFix] Phase 3: AI Analysis...
[2026-01-21T14:57:52.540Z] [Analysis] Starting analysis for 08611bbf-9aba-4dd6-80eb-1281e7328860
[2026-01-21T14:58:12.806Z] [Analysis] Calling FreeAI service...
[2026-01-21T14:58:17.982Z] [Analysis] FreeAI response received: true
[2026-01-21T14:58:17.984Z] [AutoFix] AI Response received: true
[2026-01-21T17:13:56.295Z] [AutoFix] 🚀 SCRIPT STARTED for Failure ID: 4d77198f-9891-47dd-904a-7d27a684523a
[2026-01-21T17:13:56.297Z] [AutoFix] Validating environment...
[2026-01-21T17:13:56.298Z] [AutoFix] Environment OK. Starting loop...
[2026-01-21T17:13:56.298Z] [AutoFix] ▶️ Attempt 1/5 started
[2026-01-21T17:13:56.299Z] [AutoFix] Phase 3: AI Analysis...
[2026-01-21T17:13:56.300Z] [Analysis] Starting analysis for 4d77198f-9891-47dd-904a-7d27a684523a
[2026-01-21T17:14:01.355Z] [Analysis] Calling FreeAI service...
[2026-01-21T17:16:52.145Z] [Analysis] FreeAI response received: true
[2026-01-21T17:16:52.153Z] [AutoFix] AI Response received: true
[2026-01-21T17:18:32.280Z] [AutoFix] ▶️ Attempt 2/5 started
[2026-01-21T17:18:32.281Z] [AutoFix] Phase 3: AI Analysis...
[2026-01-21T17:18:32.282Z] [Analysis] Starting analysis for 0d5b2ae9-6890-49fe-9acc-c7313a397ccc
[2026-01-21T17:18:38.666Z] [Analysis] Calling FreeAI service...
[2026-01-21T17:18:43.904Z] [Analysis] FreeAI response received: true
[2026-01-21T17:18:43.910Z] [Analysis] ❌ Fix Validation Failed: Syntax error in newCode: Unclosed (
[2026-01-21T17:18:43.910Z] [AutoFix] AI Response received: false
[2026-01-22T12:58:30.380Z] [AutoFix] 🚀 SCRIPT STARTED for Failure ID: c40ad06b-d2bd-4e17-ad33-e1c2dd7b2c61
[2026-01-22T12:58:30.381Z] [AutoFix] Validating environment...
[2026-01-22T12:58:30.381Z] [AutoFix] Environment OK. Starting loop...
[2026-01-22T12:58:30.382Z] [AutoFix] ▶️ Attempt 1/5 started
[2026-01-22T12:58:30.382Z] [AutoFix] Phase 3: AI Analysis...
[2026-01-22T12:58:30.382Z] [Analysis] Starting analysis for c40ad06b-d2bd-4e17-ad33-e1c2dd7b2c61
[2026-01-22T12:58:38.543Z] [Analysis] Calling FreeAI service...
[2026-01-22T12:58:44.547Z] [Analysis] FreeAI response received: true
[2026-01-22T12:58:44.549Z] [Analysis] ❌ Fix Validation Failed: Syntax error in newCode: Unclosed (
[2026-01-22T12:58:44.549Z] [AutoFix] AI Response received: false
[2026-01-22T16:20:51.115Z] [AutoFix] 🚀 SCRIPT STARTED for Failure ID: c40ad06b-d2bd-4e17-ad33-e1c2dd7b2c61
[2026-01-22T16:20:51.116Z] [AutoFix] Validating environment...
[2026-01-22T16:20:51.116Z] [AutoFix] Environment OK. Starting loop...
[2026-01-22T16:20:51.117Z] [AutoFix] ▶️ Attempt 1/5 started
[2026-01-22T16:20:51.117Z] [AutoFix] Phase 3: AI Analysis...
[2026-01-22T16:20:51.118Z] [Analysis] Starting analysis for c40ad06b-d2bd-4e17-ad33-e1c2dd7b2c61
[2026-01-22T16:20:57.613Z] [Analysis] Calling FreeAI service...
[2026-01-22T16:21:04.317Z] [Analysis] FreeAI response received: true
[2026-01-22T16:21:04.324Z] [Analysis] ❌ Fix Validation Failed: Syntax error in newCode: Unclosed (
[2026-01-22T16:21:04.324Z] [AutoFix] AI Response received: false
[2026-01-22T16:21:04.325Z] [AutoFix] ▶️ Attempt 2/5 started
[2026-01-22T16:21:04.325Z] [AutoFix] Phase 3: AI Analysis...
[2026-01-22T16:21:04.326Z] [Analysis] Starting analysis for c40ad06b-d2bd-4e17-ad33-e1c2dd7b2c61
[2026-01-22T16:21:11.609Z] [Analysis] Calling FreeAI service...
[2026-01-22T16:21:20.888Z] [Analysis] FreeAI response received: true
[2026-01-22T16:21:20.892Z] [Analysis] ❌ Fix Validation Failed: Syntax error in newCode: Unclosed (
[2026-01-22T16:21:20.893Z] [AutoFix] AI Response received: false
[2026-01-22T16:21:20.893Z] [AutoFix] ▶️ Attempt 3/5 started
[2026-01-22T16:21:20.893Z] [AutoFix] Phase 3: AI Analysis...
[2026-01-22T16:21:20.893Z] [Analysis] Starting analysis for c40ad06b-d2bd-4e17-ad33-e1c2dd7b2c61
[2026-01-22T16:21:27.779Z] [Analysis] Calling FreeAI service...
[2026-01-22T16:21:33.707Z] [Analysis] FreeAI response received: true
[2026-01-22T16:21:33.709Z] [Analysis] ❌ Fix Validation Failed: Syntax error in newCode: Unclosed (
[2026-01-22T16:21:33.709Z] [AutoFix] AI Response received: false
[2026-01-22T16:21:33.710Z] [AutoFix] ▶️ Attempt 4/5 started
[2026-01-22T16:21:33.711Z] [AutoFix] Phase 3: AI Analysis...
[2026-01-22T16:21:33.711Z] [Analysis] Starting analysis for c40ad06b-d2bd-4e17-ad33-e1c2dd7b2c61
[2026-01-22T16:21:40.583Z] [Analysis] Calling FreeAI service...
[2026-01-22T16:21:44.955Z] [Analysis] FreeAI response received: true
[2026-01-22T16:21:44.957Z] [Analysis] ❌ Fix Validation Failed: Syntax error in newCode: Unclosed (
[2026-01-22T16:21:44.957Z] [AutoFix] AI Response received: false
[2026-01-22T16:21:44.959Z] [AutoFix] ▶️ Attempt 5/5 started
[2026-01-22T16:21:44.959Z] [AutoFix] Phase 3: AI Analysis...
[2026-01-22T16:21:44.960Z] [Analysis] Starting analysis for c40ad06b-d2bd-4e17-ad33-e1c2dd7b2c61
[2026-01-22T16:21:52.628Z] [Analysis] Calling FreeAI service...
[2026-01-22T16:21:56.761Z] [Analysis] FreeAI response received: true
[2026-01-22T16:21:56.763Z] [Analysis] ❌ Fix Validation Failed: Syntax error in newCode: Unclosed (
[2026-01-22T16:21:56.763Z] [AutoFix] AI Response received: false
[2026-01-22T16:40:35.480Z] [AutoFix] 🚀 SCRIPT STARTED for Failure ID: 0d5b2ae9-6890-49fe-9acc-c7313a397ccc
[2026-01-22T16:40:35.481Z] [AutoFix] Validating environment...
[2026-01-22T16:40:35.481Z] [AutoFix] Environment OK. Starting loop...
[2026-01-22T16:40:35.482Z] [AutoFix] ▶️ Attempt 1/5 started
[2026-01-22T16:40:35.482Z] [AutoFix] Phase 3: AI Analysis...
[2026-01-22T16:40:44.493Z] [AutoFix] AI Response received: false
[2026-01-22T16:40:44.493Z] [AutoFix] ▶️ Attempt 2/5 started
[2026-01-22T16:40:44.494Z] [AutoFix] Phase 3: AI Analysis...
[2026-01-22T16:40:52.924Z] [AutoFix] AI Response received: false
[2026-01-22T16:40:52.926Z] [AutoFix] ▶️ Attempt 3/5 started
[2026-01-22T16:40:52.927Z] [AutoFix] Phase 3: AI Analysis...
[2026-01-22T16:41:01.830Z] [AutoFix] AI Response received: false
[2026-01-22T16:41:01.832Z] [AutoFix] ▶️ Attempt 4/5 started
[2026-01-22T16:41:01.833Z] [AutoFix] Phase 3: AI Analysis...
[2026-01-22T16:42:00.654Z] [AutoFix] AI Response received: false
[2026-01-22T16:42:00.656Z] [AutoFix] ▶️ Attempt 5/5 started
[2026-01-22T16:42:00.656Z] [AutoFix] Phase 3: AI Analysis...
[2026-01-22T16:42:11.501Z] [AutoFix] AI Response received: false
[2026-01-22T16:44:21.757Z] [AutoFix] 🚀 SCRIPT STARTED for Failure ID: 24ef337a-c3b3-406e-be5e-bdd8fd19b6a4
[2026-01-22T16:44:21.766Z] [AutoFix] Validating environment...
[2026-01-22T16:44:21.771Z] [AutoFix] Environment OK. Starting loop...
[2026-01-22T16:44:21.772Z] [AutoFix] ▶️ Attempt 1/5 started
[2026-01-22T16:44:21.776Z] [AutoFix] Phase 3: AI Analysis...
[2026-01-22T16:44:31.514Z] [AutoFix] AI Response received: true
[2026-01-22T16:44:59.982Z] [AutoFix] ▶️ Attempt 2/5 started
[2026-01-22T16:44:59.982Z] [AutoFix] Phase 3: AI Analysis...
[2026-01-22T16:46:50.503Z] [AutoFix] AI Response received: true
[2026-01-22T16:47:30.721Z] [AutoFix] ▶️ Attempt 3/5 started
[2026-01-22T16:47:30.723Z] [AutoFix] Phase 3: AI Analysis...
[2026-01-22T16:47:38.437Z] [AutoFix] AI Response received: true
[2026-01-22T16:48:03.684Z] [AutoFix] ▶️ Attempt 4/5 started
[2026-01-22T16:48:03.685Z] [AutoFix] Phase 3: AI Analysis...
[2026-01-22T16:49:02.613Z] [AutoFix] AI Response received: true
[2026-01-22T18:36:20.324Z] [AutoFix] 🚀 SCRIPT STARTED for Failure ID: 7b2305be-661e-4824-bc40-7d18caed7503
[2026-01-22T18:36:20.325Z] [AutoFix] Validating environment...
[2026-01-22T18:36:20.325Z] [AutoFix] Environment OK. Starting loop...
[2026-01-22T18:36:20.325Z] [AutoFix] ▶️ Attempt 1/5 started
[2026-01-22T18:36:20.326Z] [AutoFix] Phase 3: AI Analysis...
[2026-01-22T18:36:58.339Z] [AutoFix] AI Response received: true
[2026-01-22T18:37:42.823Z] [AutoFix] ▶️ Attempt 2/5 started
[2026-01-22T18:37:42.824Z] [AutoFix] Phase 3: AI Analysis...
[2026-01-22T18:37:50.436Z] [AutoFix] AI Response received: true
[2026-01-22T18:38:16.649Z] [AutoFix] ▶️ Attempt 3/5 started
[2026-01-22T18:38:16.651Z] [AutoFix] Phase 3: AI Analysis...
[2026-01-22T18:38:45.184Z] [AutoFix] AI Response received: true
[2026-01-22T21:43:33.527Z] [AutoFix] 🚀 SCRIPT STARTED for Failure ID: 6829be58-a727-49b9-a2cb-a2e2eeecdae1
[2026-01-22T21:43:33.528Z] [AutoFix] Validating environment...
[2026-01-22T21:43:33.528Z] [AutoFix] Environment OK. Starting loop...
[2026-01-22T21:43:33.528Z] [AutoFix] ▶️ Attempt 1/5 started
[2026-01-22T21:43:33.528Z] [AutoFix] Phase 3: AI Analysis...
[2026-01-22T21:43:50.706Z] [AutoFix] AI Response received: true
[2026-01-22T21:44:20.291Z] [AutoFix] ▶️ Attempt 2/5 started
[2026-01-22T21:44:20.293Z] [AutoFix] Phase 3: AI Analysis...
[2026-01-22T21:44:30.443Z] [AutoFix] AI Response received: true
[2026-01-22T21:44:58.095Z] [AutoFix] ▶️ Attempt 3/5 started
[2026-01-22T21:44:58.096Z] [AutoFix] Phase 3: AI Analysis...
[2026-01-22T21:45:10.482Z] [AutoFix] AI Response received: true
[2026-01-22T21:45:40.708Z] [AutoFix] ▶️ Attempt 4/5 started
[2026-01-22T21:45:40.709Z] [AutoFix] Phase 3: AI Analysis...
[2026-01-22T21:45:49.914Z] [AutoFix] AI Response received: false
[2026-01-22T21:45:49.915Z] [AutoFix] ▶️ Attempt 5/5 started
[2026-01-22T21:45:49.915Z] [AutoFix] Phase 3: AI Analysis...
[2026-01-22T21:45:59.029Z] [AutoFix] AI Response received: false
